<?xml version="1.0" encoding="UTF-8"?>
<testng-results ignored="0" total="2" passed="2" failed="0" skipped="0">
  <reporter-output>
  </reporter-output>
  <suite started-at="2024-12-17T21:40:35 IST" name="TestNG Suite" finished-at="2024-12-17T21:40:57 IST" duration-ms="21727">
    <groups>
      <group name="Datadriven">
        <method signature="TC003_LogInTestDDT.LoginTestDDT(java.lang.String,java.lang.String,java.lang.String)[pri:0, instance:testCase.TC003_LogInTestDDT@3954d008]" name="LoginTestDDT" class="testCase.TC003_LogInTestDDT"/>
      </group> <!-- Datadriven -->
    </groups>
    <test started-at="2024-12-17T21:40:35 IST" name="chrome" finished-at="2024-12-17T21:40:57 IST" duration-ms="21727">
      <class name="testCase.TC003_LogInTestDDT">
        <test-method is-config="true" signature="setUp(java.lang.String,java.lang.String)[pri:0, instance:testCase.TC003_LogInTestDDT@3954d008]" started-at="2024-12-17T21:40:36 IST" name="setUp" finished-at="2024-12-17T21:40:41 IST" duration-ms="5581" status="PASS">
          <params>
            <param index="0">
              <value>
                <![CDATA[Test]]>
              </value>
            </param>
            <param index="1">
              <value>
                <![CDATA[Chrome]]>
              </value>
            </param>
          </params>
          <reporter-output>
          </reporter-output>
        </test-method> <!-- setUp -->
        <test-method signature="LoginTestDDT(java.lang.String,java.lang.String,java.lang.String)[pri:0, instance:testCase.TC003_LogInTestDDT@3954d008]" started-at="2024-12-17T21:40:42 IST" name="LoginTestDDT" data-provider="LoginData" finished-at="2024-12-17T21:40:46 IST" duration-ms="3279" status="PASS">
          <params>
            <param index="0">
              <value>
                <![CDATA[emotion@gmail.com]]>
              </value>
            </param>
            <param index="1">
              <value>
                <![CDATA[12345]]>
              </value>
            </param>
            <param index="2">
              <value>
                <![CDATA[valid]]>
              </value>
            </param>
          </params>
          <reporter-output>
          </reporter-output>
        </test-method> <!-- LoginTestDDT -->
        <test-method signature="LoginTestDDT(java.lang.String,java.lang.String,java.lang.String)[pri:0, instance:testCase.TC003_LogInTestDDT@3954d008]" started-at="2024-12-17T21:40:46 IST" name="LoginTestDDT" data-provider="LoginData" finished-at="2024-12-17T21:40:57 IST" duration-ms="11438" status="PASS">
          <params>
            <param index="0">
              <value>
                <![CDATA[xigjghjgjhyz@gmail.com]]>
              </value>
            </param>
            <param index="1">
              <value>
                <![CDATA[12345]]>
              </value>
            </param>
            <param index="2">
              <value>
                <![CDATA[invalid]]>
              </value>
            </param>
          </params>
          <reporter-output>
          </reporter-output>
        </test-method> <!-- LoginTestDDT -->
        <test-method is-config="true" signature="tearDown()[pri:0, instance:testCase.TC003_LogInTestDDT@3954d008]" started-at="2024-12-17T21:40:57 IST" name="tearDown" finished-at="2024-12-17T21:40:57 IST" duration-ms="151" status="PASS">
          <reporter-output>
          </reporter-output>
        </test-method> <!-- tearDown -->
      </class> <!-- testCase.TC003_LogInTestDDT -->
    </test> <!-- chrome -->
  </suite> <!-- TestNG Suite -->
</testng-results>
